{
  "RSpec": {
    "coverage": {
      "/home/pragmatic-widget-7232/tic-tac-toe-rb-online-web-sp-000/lib/tic_tac_toe.rb": [
        1,
        4,
        4,
        4,
        4,
        4,
        null,
        null,
        null,
        1,
        265,
        265,
        265,
        null,
        null,
        null,
        1,
        265,
        265,
        264,
        null,
        1,
        null,
        null,
        265,
        264,
        3,
        null,
        261,
        null,
        null,
        265,
        3,
        null,
        262,
        null,
        null,
        null,
        null,
        null,
        1,
        6,
        6,
        null,
        null,
        null,
        1,
        263,
        263,
        262,
        262,
        2,
        2,
        null,
        260,
        null,
        null,
        null,
        null,
        1,
        0,
        0,
        0,
        0,
        null,
        null,
        null,
        null,
        1,
        1,
        1,
        9,
        3,
        null,
        null,
        1,
        null,
        null,
        1,
        1,
        0,
        0,
        null,
        0,
        null,
        null,
        null,
        null,
        null,
        1,
        null,
        null,
        null,
        null,
        null,
        null,
        null,
        null,
        null,
        1,
        10,
        null,
        0,
        0,
        0,
        0,
        0,
        0,
        0,
        null,
        0,
        null,
        null,
        null,
        1,
        6,
        40,
        null,
        null,
        null,
        null,
        1,
        5,
        0,
        null,
        3,
        null,
        null,
        null,
        null,
        1,
        3,
        0,
        null,
        null,
        null,
        null,
        null,
        null,
        1,
        3,
        3,
        0,
        null,
        null,
        0,
        0,
        null,
        0,
        null,
        null,
        null
      ]
    },
    "timestamp": 1606604917
  }
}
